<?xml version="1.0" encoding="UTF-8"?>
<!-- Generated by org.testng.reporters.JUnitReportReporter -->
<testsuite skipped="0" hostname="Jyoti-computer" name="Demo.validating" tests="1" failures="0" timestamp="2020-09-13T10:51:50 CDT" time="8.563" errors="0">
  <testcase name="element" time="8.563" classname="Demo.validating"/>
  <system-out/>
</testsuite> <!-- Demo.validating -->
