<?xml version="1.0" encoding="UTF-8"?>
<!-- Generated by org.testng.reporters.JUnitReportReporter -->
<testsuite skipped="1" hostname="Jyoti-computer" name="Test.Login_Test" tests="1" failures="0" timestamp="2020-09-18T17:24:21 CDT" time="0.000" errors="0">
  <testcase name="log" time="0.000" classname="Test.Login_Test">
    <skipped/>
  </testcase> <!-- log -->
  <system-out/>
</testsuite> <!-- Test.Login_Test -->
